<?xml version="1.0" encoding="UTF-8"?>
<!-- Generated by org.testng.reporters.JUnitXMLReporter -->
<testsuite hostname="DEVWIN720" ignored="0" name="Default test" tests="4" failures="0" timestamp="02 Feb 2017 07:09:41 GMT" time="1.489" errors="0">
  <testcase name="countryAssisTest" time="0.016" classname="dataProviderCheck.DataTestFromExcel"/>
  <testcase name="countryAssisTest" time="0.0" classname="dataProviderCheck.DataTestFromExcel"/>
  <testcase name="countryAssisTest" time="0.001" classname="dataProviderCheck.DataTestFromExcel"/>
  <testcase name="countryAssisTest" time="0.001" classname="dataProviderCheck.DataTestFromExcel"/>
</testsuite> <!-- Default test -->
