<?xml version="1.0" encoding="UTF-8"?>
<testng-results skipped="0" failed="0" total="1" passed="1">
  <reporter-output>
  </reporter-output>
  <suite name="Default suite" duration-ms="8735" started-at="2016-10-19T12:11:44Z" finished-at="2016-10-19T12:11:52Z">
    <groups>
    </groups>
    <test name="Default test" duration-ms="8735" started-at="2016-10-19T12:11:44Z" finished-at="2016-10-19T12:11:52Z">
      <class name="applicationTest.LoginAppTest">
        <test-method status="PASS" signature="loginToAppTest()[pri:0, instance:applicationTest.LoginAppTest@47c62251]" name="loginToAppTest" duration-ms="8701" started-at="2016-10-19T17:41:44Z" finished-at="2016-10-19T17:41:52Z">
          <reporter-output>
          </reporter-output>
        </test-method> <!-- loginToAppTest -->
      </class> <!-- applicationTest.LoginAppTest -->
    </test> <!-- Default test -->
  </suite> <!-- Default suite -->
</testng-results>
